;IR code
;LABEL main
;LINK
;STOREF 1.0 $T1
;STOREF $T1 x
;STOREF 2.0 $T2
;STOREF $T2 y
;STOREF 3.14159 $T3
;STOREF $T3 z
;WRITEF x
;WRITES newline
;WRITEF z
;WRITES newline
;WRITEF y
;WRITES newline
;DIVF z 2.0 $T4
;STOREF $T4 x
;DIVF z y $T5
;STOREF $T5 y
;WRITEF x
;WRITES newline
;WRITEF y
;WRITES newline
;ADDF x y $T6
;STOREF $T6 t
;WRITEF t
;WRITES newline
;RET
;tiny code
var x
var y
var z
var t
str newline "\n"
move 1.0 r0
move r0 x
move 2.0 r1
move r1 y
move 3.14159 r2
move r2 z
sys writer x
sys writes newline
sys writer z
sys writes newline
sys writer y
sys writes newline
move z r3
divr 2.0 r3
move r3 x
move z r4
divr y r4
move r4 y
sys writer x
sys writes newline
sys writer y
sys writes newline
move x r5
addr y r5
move r5 t
sys writer t
sys writes newline
sys halt
